生成启动时间为 2021/11/18 17:11:32。
     1>项目“d:\Projects\select\select\select\select.vcxproj”在节点 2 上(build 个目标)。
     1>InitializeBuildStatus:
         正在创建“Debug\select.unsuccessfulbuild”，因为已指定“AlwaysCreate”。
       ClCompile:
         D:\Download\VC++2010\VC\bin\CL.exe /c /ZI /nologo /W3 /WX- /Od /Oy- /D WIN32 /D _DEBUG /D _CONSOLE /D _UNICODE /D UNICODE /Gm /EHsc /RTC1 /MDd /GS /fp:precise /Zc:wchar_t /Zc:forScope /Fo"Debug\\" /Fd"Debug\vc100.pdb" /Gd /TC /analyze- /errorReport:prompt 07for.c
         07for.c
       ManifestResourceCompile:
         所有输出均为最新。
       Link:
         D:\Download\VC++2010\VC\bin\link.exe /ERRORREPORT:PROMPT /OUT:"d:\Projects\select\select\Debug\select.exe" /INCREMENTAL /NOLOGO kernel32.lib user32.lib gdi32.lib winspool.lib comdlg32.lib advapi32.lib shell32.lib ole32.lib oleaut32.lib uuid.lib odbc32.lib odbccp32.lib /MANIFEST /ManifestFile:"Debug\select.exe.intermediate.manifest" /MANIFESTUAC:"level='asInvoker' uiAccess='false'" /DEBUG /PDB:"d:\Projects\select\select\Debug\select.pdb" /SUBSYSTEM:CONSOLE /TLBID:1 /DYNAMICBASE /NXCOMPAT /IMPLIB:"d:\Projects\select\select\Debug\select.lib" /MACHINE:X86 Debug\select.exe.embed.manifest.res
         Debug\01if.obj
         Debug\02switch.obj
         Debug\03qt.obj
         Debug\04sm.obj
         Debug\05while.obj
         Debug\06break.obj
         Debug\07for.obj
       Manifest:
         C:\Program Files (x86)\Microsoft SDKs\Windows\v7.0A\bin\mt.exe /nologo /verbose /out:"Debug\select.exe.embed.manifest" /manifest Debug\select.exe.intermediate.manifest
         所有输出均为最新。
       LinkEmbedManifest:
         所有输出均为最新。
         select.vcxproj -> d:\Projects\select\select\Debug\select.exe
       FinalizeBuildStatus:
         正在删除文件“Debug\select.unsuccessfulbuild”。
         正在对“Debug\select.lastbuildstate”执行 Touch 任务。
     1>已完成生成项目“d:\Projects\select\select\select\select.vcxproj”(build 个目标)的操作。

生成成功。

已用时间 00:00:00.89
