生成启动时间为 2021/11/17 11:24:01。
     1>项目“d:\Projects\Hello\hello\hello\hello.vcxproj”在节点 2 上(build 个目标)。
     1>InitializeBuildStatus:
         正在对“Debug\hello.unsuccessfulbuild”执行 Touch 任务。
       ClCompile:
         D:\Download\VC++2010\VC\bin\CL.exe /c /ZI /nologo /W3 /WX- /Od /Oy- /D WIN32 /D _DEBUG /D _CONSOLE /D _UNICODE /D UNICODE /Gm /EHsc /RTC1 /MDd /GS /fp:precise /Zc:wchar_t /Zc:forScope /Fo"Debug\\" /Fd"Debug\vc100.pdb" /Gd /TC /analyze- /errorReport:prompt 1.c
         1.c
       ManifestResourceCompile:
         所有输出均为最新。
       Link:
         D:\Download\VC++2010\VC\bin\link.exe /ERRORREPORT:PROMPT /OUT:"d:\Projects\Hello\hello\Debug\hello.exe" /INCREMENTAL /NOLOGO kernel32.lib user32.lib gdi32.lib winspool.lib comdlg32.lib advapi32.lib shell32.lib ole32.lib oleaut32.lib uuid.lib odbc32.lib odbccp32.lib /MANIFEST /ManifestFile:"Debug\hello.exe.intermediate.manifest" /MANIFESTUAC:"level='asInvoker' uiAccess='false'" /DEBUG /PDB:"d:\Projects\Hello\hello\Debug\hello.pdb" /SUBSYSTEM:CONSOLE /TLBID:1 /DYNAMICBASE /NXCOMPAT /IMPLIB:"d:\Projects\Hello\hello\Debug\hello.lib" /MACHINE:X86 Debug\hello.exe.embed.manifest.res
         Debug\1.obj
       Manifest:
         C:\Program Files (x86)\Microsoft SDKs\Windows\v7.0A\bin\mt.exe /nologo /verbose /out:"Debug\hello.exe.embed.manifest" /manifest Debug\hello.exe.intermediate.manifest
         C:\Program Files (x86)\Microsoft SDKs\Windows\v7.0A\bin\rc.exe /nologo /fo"Debug\hello.exe.embed.manifest.res" Debug\hello_manifest.rc 
       LinkEmbedManifest:
         D:\Download\VC++2010\VC\bin\link.exe /ERRORREPORT:PROMPT /OUT:"d:\Projects\Hello\hello\Debug\hello.exe" /INCREMENTAL /NOLOGO kernel32.lib user32.lib gdi32.lib winspool.lib comdlg32.lib advapi32.lib shell32.lib ole32.lib oleaut32.lib uuid.lib odbc32.lib odbccp32.lib /MANIFEST /ManifestFile:"Debug\hello.exe.intermediate.manifest" /MANIFESTUAC:"level='asInvoker' uiAccess='false'" /DEBUG /PDB:"d:\Projects\Hello\hello\Debug\hello.pdb" /SUBSYSTEM:CONSOLE /TLBID:1 /DYNAMICBASE /NXCOMPAT /IMPLIB:"d:\Projects\Hello\hello\Debug\hello.lib" /MACHINE:X86 Debug\hello.exe.embed.manifest.res
         Debug\1.obj
         hello.vcxproj -> d:\Projects\Hello\hello\Debug\hello.exe
       FinalizeBuildStatus:
         正在删除文件“Debug\hello.unsuccessfulbuild”。
         正在对“Debug\hello.lastbuildstate”执行 Touch 任务。
     1>已完成生成项目“d:\Projects\Hello\hello\hello\hello.vcxproj”(build 个目标)的操作。

生成成功。

已用时间 00:00:00.97
