生成启动时间为 2021/12/8 14:46:32。
     1>项目“d:\Projects\6arr\6arr\6arr\6arr.vcxproj”在节点 2 上(build 个目标)。
     1>InitializeBuildStatus:
         正在创建“Debug\6arr.unsuccessfulbuild”，因为已指定“AlwaysCreate”。
       ClCompile:
         D:\Download\VC++2010\VC\bin\CL.exe /c /ZI /nologo /W3 /WX- /Od /Oy- /D WIN32 /D _DEBUG /D _CONSOLE /D _UNICODE /D UNICODE /Gm /EHsc /RTC1 /MDd /GS /fp:precise /Zc:wchar_t /Zc:forScope /Fo"Debug\\" /Fd"Debug\vc100.pdb" /Gd /TC /analyze- /errorReport:prompt 06arr.c
         06arr.c
       ManifestResourceCompile:
         所有输出均为最新。
       Link:
         D:\Download\VC++2010\VC\bin\link.exe /ERRORREPORT:PROMPT /OUT:"d:\Projects\6arr\6arr\Debug\6arr.exe" /INCREMENTAL /NOLOGO kernel32.lib user32.lib gdi32.lib winspool.lib comdlg32.lib advapi32.lib shell32.lib ole32.lib oleaut32.lib uuid.lib odbc32.lib odbccp32.lib /MANIFEST /ManifestFile:"Debug\6arr.exe.intermediate.manifest" /MANIFESTUAC:"level='asInvoker' uiAccess='false'" /DEBUG /PDB:"d:\Projects\6arr\6arr\Debug\6arr.pdb" /SUBSYSTEM:CONSOLE /TLBID:1 /DYNAMICBASE /NXCOMPAT /IMPLIB:"d:\Projects\6arr\6arr\Debug\6arr.lib" /MACHINE:X86 Debug\6arr.exe.embed.manifest.res
         Debug\01arr.obj
         Debug\02arr.obj
         Debug\03arr.obj
         Debug\04arr.obj
         Debug\05arr.obj
         Debug\06arr.obj
       Manifest:
         C:\Program Files (x86)\Microsoft SDKs\Windows\v7.0A\bin\mt.exe /nologo /verbose /out:"Debug\6arr.exe.embed.manifest" /manifest Debug\6arr.exe.intermediate.manifest
         所有输出均为最新。
       LinkEmbedManifest:
         所有输出均为最新。
         6arr.vcxproj -> d:\Projects\6arr\6arr\Debug\6arr.exe
       FinalizeBuildStatus:
         正在删除文件“Debug\6arr.unsuccessfulbuild”。
         正在对“Debug\6arr.lastbuildstate”执行 Touch 任务。
     1>已完成生成项目“d:\Projects\6arr\6arr\6arr\6arr.vcxproj”(build 个目标)的操作。

生成成功。

已用时间 00:00:00.53
